  pch.cpp
  dllmain.cpp
  Source.cpp
C:\opencv\build\include\opencv2\core.hpp(1746,1): warning C4819: 檔案含有無法在目前字碼頁 (950) 中表示的字元。請以 Unicode 格式儲存檔案以防止資料遺失
C:\opencv\build\include\opencv2\core.hpp(1746,1): warning C4819: 檔案含有無法在目前字碼頁 (950) 中表示的字元。請以 Unicode 格式儲存檔案以防止資料遺失
C:\opencv\build\include\opencv2\core.hpp(1746,1): warning C4819: 檔案含有無法在目前字碼頁 (950) 中表示的字元。請以 Unicode 格式儲存檔案以防止資料遺失
C:\opencv\build\include\opencv2\calib3d.hpp(1,1): warning C4819: 檔案含有無法在目前字碼頁 (950) 中表示的字元。請以 Unicode 格式儲存檔案以防止資料遺失
C:\Git\Code\Cplus_stpchip\compile\20240430Release_compile_MB0STPchipV1 - 複製\AOILib_Chip_DLL\AOILib_Chip_DLL\Source.cpp(153,29): warning C4244: '=': 將 '_Tp' 轉換為 'float'，由於類型不同，可能導致資料遺失
C:\Git\Code\Cplus_stpchip\compile\20240430Release_compile_MB0STPchipV1 - 複製\AOILib_Chip_DLL\AOILib_Chip_DLL\Source.cpp(153,29): warning C4244:         with
C:\Git\Code\Cplus_stpchip\compile\20240430Release_compile_MB0STPchipV1 - 複製\AOILib_Chip_DLL\AOILib_Chip_DLL\Source.cpp(153,29): warning C4244:         [
C:\Git\Code\Cplus_stpchip\compile\20240430Release_compile_MB0STPchipV1 - 複製\AOILib_Chip_DLL\AOILib_Chip_DLL\Source.cpp(153,29): warning C4244:             _Tp=int
C:\Git\Code\Cplus_stpchip\compile\20240430Release_compile_MB0STPchipV1 - 複製\AOILib_Chip_DLL\AOILib_Chip_DLL\Source.cpp(153,29): warning C4244:         ]
C:\Git\Code\Cplus_stpchip\compile\20240430Release_compile_MB0STPchipV1 - 複製\AOILib_Chip_DLL\AOILib_Chip_DLL\Source.cpp(154,29): warning C4244: '=': 將 '_Tp' 轉換為 'float'，由於類型不同，可能導致資料遺失
C:\Git\Code\Cplus_stpchip\compile\20240430Release_compile_MB0STPchipV1 - 複製\AOILib_Chip_DLL\AOILib_Chip_DLL\Source.cpp(154,29): warning C4244:         with
C:\Git\Code\Cplus_stpchip\compile\20240430Release_compile_MB0STPchipV1 - 複製\AOILib_Chip_DLL\AOILib_Chip_DLL\Source.cpp(154,29): warning C4244:         [
C:\Git\Code\Cplus_stpchip\compile\20240430Release_compile_MB0STPchipV1 - 複製\AOILib_Chip_DLL\AOILib_Chip_DLL\Source.cpp(154,29): warning C4244:             _Tp=int
C:\Git\Code\Cplus_stpchip\compile\20240430Release_compile_MB0STPchipV1 - 複製\AOILib_Chip_DLL\AOILib_Chip_DLL\Source.cpp(154,29): warning C4244:         ]
C:\Git\Code\Cplus_stpchip\compile\20240430Release_compile_MB0STPchipV1 - 複製\AOILib_Chip_DLL\AOILib_Chip_DLL\Source.cpp(76,21): warning C4101: 'message': 未參考的區域變數
C:\Git\Code\Cplus_stpchip\compile\20240430Release_compile_MB0STPchipV1 - 複製\AOILib_Chip_DLL\AOILib_Chip_DLL\Source.cpp(233,80): warning C4244: '=': 將 '__int64' 轉換為 'int'，由於類型不同，可能導致資料遺失
C:\Git\Code\Cplus_stpchip\compile\20240430Release_compile_MB0STPchipV1 - 複製\AOILib_Chip_DLL\AOILib_Chip_DLL\Source.cpp(261,26): warning C4244: '=': 將 'double' 轉換為 'float'，由於類型不同，可能導致資料遺失
C:\Git\Code\Cplus_stpchip\compile\20240430Release_compile_MB0STPchipV1 - 複製\AOILib_Chip_DLL\AOILib_Chip_DLL\Source.cpp(197,37): warning C4101: 'remaxVal1': 未參考的區域變數
C:\Git\Code\Cplus_stpchip\compile\20240430Release_compile_MB0STPchipV1 - 複製\AOILib_Chip_DLL\AOILib_Chip_DLL\Source.cpp(395,52): warning C4244: '=': 將 '_Tp' 轉換為 '_Tp'，由於類型不同，可能導致資料遺失
C:\Git\Code\Cplus_stpchip\compile\20240430Release_compile_MB0STPchipV1 - 複製\AOILib_Chip_DLL\AOILib_Chip_DLL\Source.cpp(395,52): warning C4244:         with
C:\Git\Code\Cplus_stpchip\compile\20240430Release_compile_MB0STPchipV1 - 複製\AOILib_Chip_DLL\AOILib_Chip_DLL\Source.cpp(395,52): warning C4244:         [
C:\Git\Code\Cplus_stpchip\compile\20240430Release_compile_MB0STPchipV1 - 複製\AOILib_Chip_DLL\AOILib_Chip_DLL\Source.cpp(395,52): warning C4244:             _Tp=float
C:\Git\Code\Cplus_stpchip\compile\20240430Release_compile_MB0STPchipV1 - 複製\AOILib_Chip_DLL\AOILib_Chip_DLL\Source.cpp(395,52): warning C4244:         ]
C:\Git\Code\Cplus_stpchip\compile\20240430Release_compile_MB0STPchipV1 - 複製\AOILib_Chip_DLL\AOILib_Chip_DLL\Source.cpp(395,52): warning C4244:         and
C:\Git\Code\Cplus_stpchip\compile\20240430Release_compile_MB0STPchipV1 - 複製\AOILib_Chip_DLL\AOILib_Chip_DLL\Source.cpp(395,52): warning C4244:         [
C:\Git\Code\Cplus_stpchip\compile\20240430Release_compile_MB0STPchipV1 - 複製\AOILib_Chip_DLL\AOILib_Chip_DLL\Source.cpp(395,52): warning C4244:             _Tp=uchar
C:\Git\Code\Cplus_stpchip\compile\20240430Release_compile_MB0STPchipV1 - 複製\AOILib_Chip_DLL\AOILib_Chip_DLL\Source.cpp(395,52): warning C4244:         ]
C:\Git\Code\Cplus_stpchip\compile\20240430Release_compile_MB0STPchipV1 - 複製\AOILib_Chip_DLL\AOILib_Chip_DLL\Source.cpp(401,48): warning C4244: '=': 將 '_Tp' 轉換為 '_Tp'，由於類型不同，可能導致資料遺失
C:\Git\Code\Cplus_stpchip\compile\20240430Release_compile_MB0STPchipV1 - 複製\AOILib_Chip_DLL\AOILib_Chip_DLL\Source.cpp(401,48): warning C4244:         with
C:\Git\Code\Cplus_stpchip\compile\20240430Release_compile_MB0STPchipV1 - 複製\AOILib_Chip_DLL\AOILib_Chip_DLL\Source.cpp(401,48): warning C4244:         [
C:\Git\Code\Cplus_stpchip\compile\20240430Release_compile_MB0STPchipV1 - 複製\AOILib_Chip_DLL\AOILib_Chip_DLL\Source.cpp(401,48): warning C4244:             _Tp=float
C:\Git\Code\Cplus_stpchip\compile\20240430Release_compile_MB0STPchipV1 - 複製\AOILib_Chip_DLL\AOILib_Chip_DLL\Source.cpp(401,48): warning C4244:         ]
C:\Git\Code\Cplus_stpchip\compile\20240430Release_compile_MB0STPchipV1 - 複製\AOILib_Chip_DLL\AOILib_Chip_DLL\Source.cpp(401,48): warning C4244:         and
C:\Git\Code\Cplus_stpchip\compile\20240430Release_compile_MB0STPchipV1 - 複製\AOILib_Chip_DLL\AOILib_Chip_DLL\Source.cpp(401,48): warning C4244:         [
C:\Git\Code\Cplus_stpchip\compile\20240430Release_compile_MB0STPchipV1 - 複製\AOILib_Chip_DLL\AOILib_Chip_DLL\Source.cpp(401,48): warning C4244:             _Tp=uchar
C:\Git\Code\Cplus_stpchip\compile\20240430Release_compile_MB0STPchipV1 - 複製\AOILib_Chip_DLL\AOILib_Chip_DLL\Source.cpp(401,48): warning C4244:         ]
C:\Git\Code\Cplus_stpchip\compile\20240430Release_compile_MB0STPchipV1 - 複製\AOILib_Chip_DLL\AOILib_Chip_DLL\Source.cpp(562,58): warning C4244: '引數': 將 'double' 轉換為 '_Tp'，由於類型不同，可能導致資料遺失
C:\Git\Code\Cplus_stpchip\compile\20240430Release_compile_MB0STPchipV1 - 複製\AOILib_Chip_DLL\AOILib_Chip_DLL\Source.cpp(562,58): warning C4244:         with
C:\Git\Code\Cplus_stpchip\compile\20240430Release_compile_MB0STPchipV1 - 複製\AOILib_Chip_DLL\AOILib_Chip_DLL\Source.cpp(562,58): warning C4244:         [
C:\Git\Code\Cplus_stpchip\compile\20240430Release_compile_MB0STPchipV1 - 複製\AOILib_Chip_DLL\AOILib_Chip_DLL\Source.cpp(562,58): warning C4244:             _Tp=int
C:\Git\Code\Cplus_stpchip\compile\20240430Release_compile_MB0STPchipV1 - 複製\AOILib_Chip_DLL\AOILib_Chip_DLL\Source.cpp(562,58): warning C4244:         ]
C:\Git\Code\Cplus_stpchip\compile\20240430Release_compile_MB0STPchipV1 - 複製\AOILib_Chip_DLL\AOILib_Chip_DLL\Source.cpp(562,35): warning C4244: '引數': 將 'double' 轉換為 '_Tp'，由於類型不同，可能導致資料遺失
C:\Git\Code\Cplus_stpchip\compile\20240430Release_compile_MB0STPchipV1 - 複製\AOILib_Chip_DLL\AOILib_Chip_DLL\Source.cpp(562,35): warning C4244:         with
C:\Git\Code\Cplus_stpchip\compile\20240430Release_compile_MB0STPchipV1 - 複製\AOILib_Chip_DLL\AOILib_Chip_DLL\Source.cpp(562,35): warning C4244:         [
C:\Git\Code\Cplus_stpchip\compile\20240430Release_compile_MB0STPchipV1 - 複製\AOILib_Chip_DLL\AOILib_Chip_DLL\Source.cpp(562,35): warning C4244:             _Tp=int
C:\Git\Code\Cplus_stpchip\compile\20240430Release_compile_MB0STPchipV1 - 複製\AOILib_Chip_DLL\AOILib_Chip_DLL\Source.cpp(562,35): warning C4244:         ]
C:\Git\Code\Cplus_stpchip\compile\20240430Release_compile_MB0STPchipV1 - 複製\AOILib_Chip_DLL\AOILib_Chip_DLL\Source.cpp(609,59): warning C4244: '引數': 將 'double' 轉換為 '_Tp'，由於類型不同，可能導致資料遺失
C:\Git\Code\Cplus_stpchip\compile\20240430Release_compile_MB0STPchipV1 - 複製\AOILib_Chip_DLL\AOILib_Chip_DLL\Source.cpp(609,59): warning C4244:         with
C:\Git\Code\Cplus_stpchip\compile\20240430Release_compile_MB0STPchipV1 - 複製\AOILib_Chip_DLL\AOILib_Chip_DLL\Source.cpp(609,59): warning C4244:         [
C:\Git\Code\Cplus_stpchip\compile\20240430Release_compile_MB0STPchipV1 - 複製\AOILib_Chip_DLL\AOILib_Chip_DLL\Source.cpp(609,59): warning C4244:             _Tp=int
C:\Git\Code\Cplus_stpchip\compile\20240430Release_compile_MB0STPchipV1 - 複製\AOILib_Chip_DLL\AOILib_Chip_DLL\Source.cpp(609,59): warning C4244:         ]
C:\Git\Code\Cplus_stpchip\compile\20240430Release_compile_MB0STPchipV1 - 複製\AOILib_Chip_DLL\AOILib_Chip_DLL\Source.cpp(609,36): warning C4244: '引數': 將 'double' 轉換為 '_Tp'，由於類型不同，可能導致資料遺失
C:\Git\Code\Cplus_stpchip\compile\20240430Release_compile_MB0STPchipV1 - 複製\AOILib_Chip_DLL\AOILib_Chip_DLL\Source.cpp(609,36): warning C4244:         with
C:\Git\Code\Cplus_stpchip\compile\20240430Release_compile_MB0STPchipV1 - 複製\AOILib_Chip_DLL\AOILib_Chip_DLL\Source.cpp(609,36): warning C4244:         [
C:\Git\Code\Cplus_stpchip\compile\20240430Release_compile_MB0STPchipV1 - 複製\AOILib_Chip_DLL\AOILib_Chip_DLL\Source.cpp(609,36): warning C4244:             _Tp=int
C:\Git\Code\Cplus_stpchip\compile\20240430Release_compile_MB0STPchipV1 - 複製\AOILib_Chip_DLL\AOILib_Chip_DLL\Source.cpp(609,36): warning C4244:         ]
C:\Git\Code\Cplus_stpchip\compile\20240430Release_compile_MB0STPchipV1 - 複製\AOILib_Chip_DLL\AOILib_Chip_DLL\Source.cpp(673,50): warning C4244: '引數': 將 'double' 轉換為 '_Tp'，由於類型不同，可能導致資料遺失
C:\Git\Code\Cplus_stpchip\compile\20240430Release_compile_MB0STPchipV1 - 複製\AOILib_Chip_DLL\AOILib_Chip_DLL\Source.cpp(673,50): warning C4244:         with
C:\Git\Code\Cplus_stpchip\compile\20240430Release_compile_MB0STPchipV1 - 複製\AOILib_Chip_DLL\AOILib_Chip_DLL\Source.cpp(673,50): warning C4244:         [
C:\Git\Code\Cplus_stpchip\compile\20240430Release_compile_MB0STPchipV1 - 複製\AOILib_Chip_DLL\AOILib_Chip_DLL\Source.cpp(673,50): warning C4244:             _Tp=int
C:\Git\Code\Cplus_stpchip\compile\20240430Release_compile_MB0STPchipV1 - 複製\AOILib_Chip_DLL\AOILib_Chip_DLL\Source.cpp(673,50): warning C4244:         ]
C:\Git\Code\Cplus_stpchip\compile\20240430Release_compile_MB0STPchipV1 - 複製\AOILib_Chip_DLL\AOILib_Chip_DLL\Source.cpp(673,29): warning C4244: '引數': 將 'double' 轉換為 '_Tp'，由於類型不同，可能導致資料遺失
C:\Git\Code\Cplus_stpchip\compile\20240430Release_compile_MB0STPchipV1 - 複製\AOILib_Chip_DLL\AOILib_Chip_DLL\Source.cpp(673,29): warning C4244:         with
C:\Git\Code\Cplus_stpchip\compile\20240430Release_compile_MB0STPchipV1 - 複製\AOILib_Chip_DLL\AOILib_Chip_DLL\Source.cpp(673,29): warning C4244:         [
C:\Git\Code\Cplus_stpchip\compile\20240430Release_compile_MB0STPchipV1 - 複製\AOILib_Chip_DLL\AOILib_Chip_DLL\Source.cpp(673,29): warning C4244:             _Tp=int
C:\Git\Code\Cplus_stpchip\compile\20240430Release_compile_MB0STPchipV1 - 複製\AOILib_Chip_DLL\AOILib_Chip_DLL\Source.cpp(673,29): warning C4244:         ]
C:\Git\Code\Cplus_stpchip\compile\20240430Release_compile_MB0STPchipV1 - 複製\AOILib_Chip_DLL\AOILib_Chip_DLL\Source.cpp(810,14): warning C4244: '正在初始化': 將 '__int64' 轉換為 'int'，由於類型不同，可能導致資料遺失
C:\Git\Code\Cplus_stpchip\compile\20240430Release_compile_MB0STPchipV1 - 複製\AOILib_Chip_DLL\AOILib_Chip_DLL\Source.cpp(833,175): warning C4244: '引數': 將 '_Tp' 轉換為 '_Tp'，由於類型不同，可能導致資料遺失
C:\Git\Code\Cplus_stpchip\compile\20240430Release_compile_MB0STPchipV1 - 複製\AOILib_Chip_DLL\AOILib_Chip_DLL\Source.cpp(833,175): warning C4244:         with
C:\Git\Code\Cplus_stpchip\compile\20240430Release_compile_MB0STPchipV1 - 複製\AOILib_Chip_DLL\AOILib_Chip_DLL\Source.cpp(833,175): warning C4244:         [
C:\Git\Code\Cplus_stpchip\compile\20240430Release_compile_MB0STPchipV1 - 複製\AOILib_Chip_DLL\AOILib_Chip_DLL\Source.cpp(833,175): warning C4244:             _Tp=float
C:\Git\Code\Cplus_stpchip\compile\20240430Release_compile_MB0STPchipV1 - 複製\AOILib_Chip_DLL\AOILib_Chip_DLL\Source.cpp(833,175): warning C4244:         ]
C:\Git\Code\Cplus_stpchip\compile\20240430Release_compile_MB0STPchipV1 - 複製\AOILib_Chip_DLL\AOILib_Chip_DLL\Source.cpp(833,175): warning C4244:         and
C:\Git\Code\Cplus_stpchip\compile\20240430Release_compile_MB0STPchipV1 - 複製\AOILib_Chip_DLL\AOILib_Chip_DLL\Source.cpp(833,175): warning C4244:         [
C:\Git\Code\Cplus_stpchip\compile\20240430Release_compile_MB0STPchipV1 - 複製\AOILib_Chip_DLL\AOILib_Chip_DLL\Source.cpp(833,175): warning C4244:             _Tp=int
C:\Git\Code\Cplus_stpchip\compile\20240430Release_compile_MB0STPchipV1 - 複製\AOILib_Chip_DLL\AOILib_Chip_DLL\Source.cpp(833,175): warning C4244:         ]
C:\Git\Code\Cplus_stpchip\compile\20240430Release_compile_MB0STPchipV1 - 複製\AOILib_Chip_DLL\AOILib_Chip_DLL\Source.cpp(839,175): warning C4244: '引數': 將 '_Tp' 轉換為 '_Tp'，由於類型不同，可能導致資料遺失
C:\Git\Code\Cplus_stpchip\compile\20240430Release_compile_MB0STPchipV1 - 複製\AOILib_Chip_DLL\AOILib_Chip_DLL\Source.cpp(839,175): warning C4244:         with
C:\Git\Code\Cplus_stpchip\compile\20240430Release_compile_MB0STPchipV1 - 複製\AOILib_Chip_DLL\AOILib_Chip_DLL\Source.cpp(839,175): warning C4244:         [
C:\Git\Code\Cplus_stpchip\compile\20240430Release_compile_MB0STPchipV1 - 複製\AOILib_Chip_DLL\AOILib_Chip_DLL\Source.cpp(839,175): warning C4244:             _Tp=float
C:\Git\Code\Cplus_stpchip\compile\20240430Release_compile_MB0STPchipV1 - 複製\AOILib_Chip_DLL\AOILib_Chip_DLL\Source.cpp(839,175): warning C4244:         ]
C:\Git\Code\Cplus_stpchip\compile\20240430Release_compile_MB0STPchipV1 - 複製\AOILib_Chip_DLL\AOILib_Chip_DLL\Source.cpp(839,175): warning C4244:         and
C:\Git\Code\Cplus_stpchip\compile\20240430Release_compile_MB0STPchipV1 - 複製\AOILib_Chip_DLL\AOILib_Chip_DLL\Source.cpp(839,175): warning C4244:         [
C:\Git\Code\Cplus_stpchip\compile\20240430Release_compile_MB0STPchipV1 - 複製\AOILib_Chip_DLL\AOILib_Chip_DLL\Source.cpp(839,175): warning C4244:             _Tp=int
C:\Git\Code\Cplus_stpchip\compile\20240430Release_compile_MB0STPchipV1 - 複製\AOILib_Chip_DLL\AOILib_Chip_DLL\Source.cpp(839,175): warning C4244:         ]
C:\Git\Code\Cplus_stpchip\compile\20240430Release_compile_MB0STPchipV1 - 複製\AOILib_Chip_DLL\AOILib_Chip_DLL\Source.cpp(851,142): warning C4244: '引數': 將 '_Tp' 轉換為 '_Tp'，由於類型不同，可能導致資料遺失
C:\Git\Code\Cplus_stpchip\compile\20240430Release_compile_MB0STPchipV1 - 複製\AOILib_Chip_DLL\AOILib_Chip_DLL\Source.cpp(851,142): warning C4244:         with
C:\Git\Code\Cplus_stpchip\compile\20240430Release_compile_MB0STPchipV1 - 複製\AOILib_Chip_DLL\AOILib_Chip_DLL\Source.cpp(851,142): warning C4244:         [
C:\Git\Code\Cplus_stpchip\compile\20240430Release_compile_MB0STPchipV1 - 複製\AOILib_Chip_DLL\AOILib_Chip_DLL\Source.cpp(851,142): warning C4244:             _Tp=float
C:\Git\Code\Cplus_stpchip\compile\20240430Release_compile_MB0STPchipV1 - 複製\AOILib_Chip_DLL\AOILib_Chip_DLL\Source.cpp(851,142): warning C4244:         ]
C:\Git\Code\Cplus_stpchip\compile\20240430Release_compile_MB0STPchipV1 - 複製\AOILib_Chip_DLL\AOILib_Chip_DLL\Source.cpp(851,142): warning C4244:         and
C:\Git\Code\Cplus_stpchip\compile\20240430Release_compile_MB0STPchipV1 - 複製\AOILib_Chip_DLL\AOILib_Chip_DLL\Source.cpp(851,142): warning C4244:         [
C:\Git\Code\Cplus_stpchip\compile\20240430Release_compile_MB0STPchipV1 - 複製\AOILib_Chip_DLL\AOILib_Chip_DLL\Source.cpp(851,142): warning C4244:             _Tp=int
C:\Git\Code\Cplus_stpchip\compile\20240430Release_compile_MB0STPchipV1 - 複製\AOILib_Chip_DLL\AOILib_Chip_DLL\Source.cpp(851,142): warning C4244:         ]
C:\Git\Code\Cplus_stpchip\compile\20240430Release_compile_MB0STPchipV1 - 複製\AOILib_Chip_DLL\AOILib_Chip_DLL\Source.cpp(858,34): warning C4244: '引數': 將 '_Tp' 轉換為 '_Tp'，由於類型不同，可能導致資料遺失
C:\Git\Code\Cplus_stpchip\compile\20240430Release_compile_MB0STPchipV1 - 複製\AOILib_Chip_DLL\AOILib_Chip_DLL\Source.cpp(858,34): warning C4244:         with
C:\Git\Code\Cplus_stpchip\compile\20240430Release_compile_MB0STPchipV1 - 複製\AOILib_Chip_DLL\AOILib_Chip_DLL\Source.cpp(858,34): warning C4244:         [
C:\Git\Code\Cplus_stpchip\compile\20240430Release_compile_MB0STPchipV1 - 複製\AOILib_Chip_DLL\AOILib_Chip_DLL\Source.cpp(858,34): warning C4244:             _Tp=float
C:\Git\Code\Cplus_stpchip\compile\20240430Release_compile_MB0STPchipV1 - 複製\AOILib_Chip_DLL\AOILib_Chip_DLL\Source.cpp(858,34): warning C4244:         ]
C:\Git\Code\Cplus_stpchip\compile\20240430Release_compile_MB0STPchipV1 - 複製\AOILib_Chip_DLL\AOILib_Chip_DLL\Source.cpp(858,34): warning C4244:         and
C:\Git\Code\Cplus_stpchip\compile\20240430Release_compile_MB0STPchipV1 - 複製\AOILib_Chip_DLL\AOILib_Chip_DLL\Source.cpp(858,34): warning C4244:         [
C:\Git\Code\Cplus_stpchip\compile\20240430Release_compile_MB0STPchipV1 - 複製\AOILib_Chip_DLL\AOILib_Chip_DLL\Source.cpp(858,34): warning C4244:             _Tp=int
C:\Git\Code\Cplus_stpchip\compile\20240430Release_compile_MB0STPchipV1 - 複製\AOILib_Chip_DLL\AOILib_Chip_DLL\Source.cpp(858,34): warning C4244:         ]
C:\Git\Code\Cplus_stpchip\compile\20240430Release_compile_MB0STPchipV1 - 複製\AOILib_Chip_DLL\AOILib_Chip_DLL\Source.cpp(647,20): warning C4101: 'minValAFF': 未參考的區域變數
C:\Git\Code\Cplus_stpchip\compile\20240430Release_compile_MB0STPchipV1 - 複製\AOILib_Chip_DLL\AOILib_Chip_DLL\Source.cpp(1099,11): warning C4305: '=': 從 'double' 轉換為 'float'，是由較大的類型轉換為較小的類型，可能導致資料遺失
C:\Git\Code\Cplus_stpchip\compile\20240430Release_compile_MB0STPchipV1 - 複製\AOILib_Chip_DLL\AOILib_Chip_DLL\Source.cpp(1125,24): warning C4244: '正在初始化': 將 '__int64' 轉換為 'int'，由於類型不同，可能導致資料遺失
C:\Git\Code\Cplus_stpchip\compile\20240430Release_compile_MB0STPchipV1 - 複製\AOILib_Chip_DLL\AOILib_Chip_DLL\Source.cpp(1141,63): warning C4244: '引數': 將 'double' 轉換為 '_Tp'，由於類型不同，可能導致資料遺失
C:\Git\Code\Cplus_stpchip\compile\20240430Release_compile_MB0STPchipV1 - 複製\AOILib_Chip_DLL\AOILib_Chip_DLL\Source.cpp(1141,63): warning C4244:         with
C:\Git\Code\Cplus_stpchip\compile\20240430Release_compile_MB0STPchipV1 - 複製\AOILib_Chip_DLL\AOILib_Chip_DLL\Source.cpp(1141,63): warning C4244:         [
C:\Git\Code\Cplus_stpchip\compile\20240430Release_compile_MB0STPchipV1 - 複製\AOILib_Chip_DLL\AOILib_Chip_DLL\Source.cpp(1141,63): warning C4244:             _Tp=int
C:\Git\Code\Cplus_stpchip\compile\20240430Release_compile_MB0STPchipV1 - 複製\AOILib_Chip_DLL\AOILib_Chip_DLL\Source.cpp(1141,63): warning C4244:         ]
C:\Git\Code\Cplus_stpchip\compile\20240430Release_compile_MB0STPchipV1 - 複製\AOILib_Chip_DLL\AOILib_Chip_DLL\Source.cpp(1141,30): warning C4244: '引數': 將 'double' 轉換為 '_Tp'，由於類型不同，可能導致資料遺失
C:\Git\Code\Cplus_stpchip\compile\20240430Release_compile_MB0STPchipV1 - 複製\AOILib_Chip_DLL\AOILib_Chip_DLL\Source.cpp(1141,30): warning C4244:         with
C:\Git\Code\Cplus_stpchip\compile\20240430Release_compile_MB0STPchipV1 - 複製\AOILib_Chip_DLL\AOILib_Chip_DLL\Source.cpp(1141,30): warning C4244:         [
C:\Git\Code\Cplus_stpchip\compile\20240430Release_compile_MB0STPchipV1 - 複製\AOILib_Chip_DLL\AOILib_Chip_DLL\Source.cpp(1141,30): warning C4244:             _Tp=int
C:\Git\Code\Cplus_stpchip\compile\20240430Release_compile_MB0STPchipV1 - 複製\AOILib_Chip_DLL\AOILib_Chip_DLL\Source.cpp(1141,30): warning C4244:         ]
C:\Git\Code\Cplus_stpchip\compile\20240430Release_compile_MB0STPchipV1 - 複製\AOILib_Chip_DLL\AOILib_Chip_DLL\Source.cpp(1145,64): warning C4244: '引數': 將 'double' 轉換為 '_Tp'，由於類型不同，可能導致資料遺失
C:\Git\Code\Cplus_stpchip\compile\20240430Release_compile_MB0STPchipV1 - 複製\AOILib_Chip_DLL\AOILib_Chip_DLL\Source.cpp(1145,64): warning C4244:         with
C:\Git\Code\Cplus_stpchip\compile\20240430Release_compile_MB0STPchipV1 - 複製\AOILib_Chip_DLL\AOILib_Chip_DLL\Source.cpp(1145,64): warning C4244:         [
C:\Git\Code\Cplus_stpchip\compile\20240430Release_compile_MB0STPchipV1 - 複製\AOILib_Chip_DLL\AOILib_Chip_DLL\Source.cpp(1145,64): warning C4244:             _Tp=int
C:\Git\Code\Cplus_stpchip\compile\20240430Release_compile_MB0STPchipV1 - 複製\AOILib_Chip_DLL\AOILib_Chip_DLL\Source.cpp(1145,64): warning C4244:         ]
C:\Git\Code\Cplus_stpchip\compile\20240430Release_compile_MB0STPchipV1 - 複製\AOILib_Chip_DLL\AOILib_Chip_DLL\Source.cpp(1145,30): warning C4244: '引數': 將 'double' 轉換為 '_Tp'，由於類型不同，可能導致資料遺失
C:\Git\Code\Cplus_stpchip\compile\20240430Release_compile_MB0STPchipV1 - 複製\AOILib_Chip_DLL\AOILib_Chip_DLL\Source.cpp(1145,30): warning C4244:         with
C:\Git\Code\Cplus_stpchip\compile\20240430Release_compile_MB0STPchipV1 - 複製\AOILib_Chip_DLL\AOILib_Chip_DLL\Source.cpp(1145,30): warning C4244:         [
C:\Git\Code\Cplus_stpchip\compile\20240430Release_compile_MB0STPchipV1 - 複製\AOILib_Chip_DLL\AOILib_Chip_DLL\Source.cpp(1145,30): warning C4244:             _Tp=int
C:\Git\Code\Cplus_stpchip\compile\20240430Release_compile_MB0STPchipV1 - 複製\AOILib_Chip_DLL\AOILib_Chip_DLL\Source.cpp(1145,30): warning C4244:         ]
C:\Git\Code\Cplus_stpchip\compile\20240430Release_compile_MB0STPchipV1 - 複製\AOILib_Chip_DLL\AOILib_Chip_DLL\Source.cpp(1266,16): warning C4305: '=': 從 'double' 轉換為 'float'，是由較大的類型轉換為較小的類型，可能導致資料遺失
C:\Git\Code\Cplus_stpchip\compile\20240430Release_compile_MB0STPchipV1 - 複製\AOILib_Chip_DLL\AOILib_Chip_DLL\Source.cpp(1285,16): warning C4305: '=': 從 'double' 轉換為 'float'，是由較大的類型轉換為較小的類型，可能導致資料遺失
C:\Git\Code\Cplus_stpchip\compile\20240430Release_compile_MB0STPchipV1 - 複製\AOILib_Chip_DLL\AOILib_Chip_DLL\Source.cpp(1291,16): warning C4305: '=': 從 'double' 轉換為 'float'，是由較大的類型轉換為較小的類型，可能導致資料遺失
C:\Git\Code\Cplus_stpchip\compile\20240430Release_compile_MB0STPchipV1 - 複製\AOILib_Chip_DLL\AOILib_Chip_DLL\Source.cpp(1302,14): warning C4305: '=': 從 'double' 轉換為 'float'，是由較大的類型轉換為較小的類型，可能導致資料遺失
C:\Git\Code\Cplus_stpchip\compile\20240430Release_compile_MB0STPchipV1 - 複製\AOILib_Chip_DLL\AOILib_Chip_DLL\Source.cpp(1333,57): warning C4244: '引數': 將 'double' 轉換為 '_Tp'，由於類型不同，可能導致資料遺失
C:\Git\Code\Cplus_stpchip\compile\20240430Release_compile_MB0STPchipV1 - 複製\AOILib_Chip_DLL\AOILib_Chip_DLL\Source.cpp(1333,57): warning C4244:         with
C:\Git\Code\Cplus_stpchip\compile\20240430Release_compile_MB0STPchipV1 - 複製\AOILib_Chip_DLL\AOILib_Chip_DLL\Source.cpp(1333,57): warning C4244:         [
C:\Git\Code\Cplus_stpchip\compile\20240430Release_compile_MB0STPchipV1 - 複製\AOILib_Chip_DLL\AOILib_Chip_DLL\Source.cpp(1333,57): warning C4244:             _Tp=int
C:\Git\Code\Cplus_stpchip\compile\20240430Release_compile_MB0STPchipV1 - 複製\AOILib_Chip_DLL\AOILib_Chip_DLL\Source.cpp(1333,57): warning C4244:         ]
C:\Git\Code\Cplus_stpchip\compile\20240430Release_compile_MB0STPchipV1 - 複製\AOILib_Chip_DLL\AOILib_Chip_DLL\Source.cpp(1333,32): warning C4244: '引數': 將 'double' 轉換為 '_Tp'，由於類型不同，可能導致資料遺失
C:\Git\Code\Cplus_stpchip\compile\20240430Release_compile_MB0STPchipV1 - 複製\AOILib_Chip_DLL\AOILib_Chip_DLL\Source.cpp(1333,32): warning C4244:         with
C:\Git\Code\Cplus_stpchip\compile\20240430Release_compile_MB0STPchipV1 - 複製\AOILib_Chip_DLL\AOILib_Chip_DLL\Source.cpp(1333,32): warning C4244:         [
C:\Git\Code\Cplus_stpchip\compile\20240430Release_compile_MB0STPchipV1 - 複製\AOILib_Chip_DLL\AOILib_Chip_DLL\Source.cpp(1333,32): warning C4244:             _Tp=int
C:\Git\Code\Cplus_stpchip\compile\20240430Release_compile_MB0STPchipV1 - 複製\AOILib_Chip_DLL\AOILib_Chip_DLL\Source.cpp(1333,32): warning C4244:         ]
C:\Git\Code\Cplus_stpchip\compile\20240430Release_compile_MB0STPchipV1 - 複製\AOILib_Chip_DLL\AOILib_Chip_DLL\Source.cpp(1342,13): warning C4305: '=': 從 'double' 轉換為 'float'，是由較大的類型轉換為較小的類型，可能導致資料遺失
C:\Git\Code\Cplus_stpchip\compile\20240430Release_compile_MB0STPchipV1 - 複製\AOILib_Chip_DLL\AOILib_Chip_DLL\Source.cpp(1349,30): warning C4244: '=': 將 '__int64' 轉換為 'int'，由於類型不同，可能導致資料遺失
C:\Git\Code\Cplus_stpchip\compile\20240430Release_compile_MB0STPchipV1 - 複製\AOILib_Chip_DLL\AOILib_Chip_DLL\Source.cpp(1395,16): warning C4305: '=': 從 'double' 轉換為 'float'，是由較大的類型轉換為較小的類型，可能導致資料遺失
C:\Git\Code\Cplus_stpchip\compile\20240430Release_compile_MB0STPchipV1 - 複製\AOILib_Chip_DLL\AOILib_Chip_DLL\Source.cpp(1431,101): warning C4244: '引數': 將 'double' 轉換為 '_Tp'，由於類型不同，可能導致資料遺失
C:\Git\Code\Cplus_stpchip\compile\20240430Release_compile_MB0STPchipV1 - 複製\AOILib_Chip_DLL\AOILib_Chip_DLL\Source.cpp(1431,101): warning C4244:         with
C:\Git\Code\Cplus_stpchip\compile\20240430Release_compile_MB0STPchipV1 - 複製\AOILib_Chip_DLL\AOILib_Chip_DLL\Source.cpp(1431,101): warning C4244:         [
C:\Git\Code\Cplus_stpchip\compile\20240430Release_compile_MB0STPchipV1 - 複製\AOILib_Chip_DLL\AOILib_Chip_DLL\Source.cpp(1431,101): warning C4244:             _Tp=int
C:\Git\Code\Cplus_stpchip\compile\20240430Release_compile_MB0STPchipV1 - 複製\AOILib_Chip_DLL\AOILib_Chip_DLL\Source.cpp(1431,101): warning C4244:         ]
C:\Git\Code\Cplus_stpchip\compile\20240430Release_compile_MB0STPchipV1 - 複製\AOILib_Chip_DLL\AOILib_Chip_DLL\Source.cpp(1431,57): warning C4244: '引數': 將 'double' 轉換為 '_Tp'，由於類型不同，可能導致資料遺失
C:\Git\Code\Cplus_stpchip\compile\20240430Release_compile_MB0STPchipV1 - 複製\AOILib_Chip_DLL\AOILib_Chip_DLL\Source.cpp(1431,57): warning C4244:         with
C:\Git\Code\Cplus_stpchip\compile\20240430Release_compile_MB0STPchipV1 - 複製\AOILib_Chip_DLL\AOILib_Chip_DLL\Source.cpp(1431,57): warning C4244:         [
C:\Git\Code\Cplus_stpchip\compile\20240430Release_compile_MB0STPchipV1 - 複製\AOILib_Chip_DLL\AOILib_Chip_DLL\Source.cpp(1431,57): warning C4244:             _Tp=int
C:\Git\Code\Cplus_stpchip\compile\20240430Release_compile_MB0STPchipV1 - 複製\AOILib_Chip_DLL\AOILib_Chip_DLL\Source.cpp(1431,57): warning C4244:         ]
C:\Git\Code\Cplus_stpchip\compile\20240430Release_compile_MB0STPchipV1 - 複製\AOILib_Chip_DLL\AOILib_Chip_DLL\Source.cpp(1438,16): warning C4305: '=': 從 'double' 轉換為 'float'，是由較大的類型轉換為較小的類型，可能導致資料遺失
C:\Program Files\Microsoft Visual Studio\2022\Professional\VC\Tools\MSVC\14.40.33807\include\tuple(632,76): warning C4244: '=': 將 '_Ty' 轉換為 'float'，由於類型不同，可能導致資料遺失
C:\Program Files\Microsoft Visual Studio\2022\Professional\VC\Tools\MSVC\14.40.33807\include\tuple(632,76): warning C4244:         with
C:\Program Files\Microsoft Visual Studio\2022\Professional\VC\Tools\MSVC\14.40.33807\include\tuple(632,76): warning C4244:         [
C:\Program Files\Microsoft Visual Studio\2022\Professional\VC\Tools\MSVC\14.40.33807\include\tuple(632,76): warning C4244:             _Ty=int
C:\Program Files\Microsoft Visual Studio\2022\Professional\VC\Tools\MSVC\14.40.33807\include\tuple(632,76): warning C4244:         ]
C:\Program Files\Microsoft Visual Studio\2022\Professional\VC\Tools\MSVC\14.40.33807\include\tuple(143,47): warning C4244: '正在初始化': 將 'double' 轉換為 '_Ty'，由於類型不同，可能導致資料遺失
C:\Program Files\Microsoft Visual Studio\2022\Professional\VC\Tools\MSVC\14.40.33807\include\tuple(143,47): warning C4244:         with
C:\Program Files\Microsoft Visual Studio\2022\Professional\VC\Tools\MSVC\14.40.33807\include\tuple(143,47): warning C4244:         [
C:\Program Files\Microsoft Visual Studio\2022\Professional\VC\Tools\MSVC\14.40.33807\include\tuple(143,47): warning C4244:             _Ty=int
C:\Program Files\Microsoft Visual Studio\2022\Professional\VC\Tools\MSVC\14.40.33807\include\tuple(143,47): warning C4244:         ]
C:\Program Files\Microsoft Visual Studio\2022\Professional\VC\Tools\MSVC\14.40.33807\include\tuple(143,47): warning C4244: '正在初始化': 將 'float' 轉換為 '_Ty'，由於類型不同，可能導致資料遺失
C:\Program Files\Microsoft Visual Studio\2022\Professional\VC\Tools\MSVC\14.40.33807\include\tuple(143,47): warning C4244:         with
C:\Program Files\Microsoft Visual Studio\2022\Professional\VC\Tools\MSVC\14.40.33807\include\tuple(143,47): warning C4244:         [
C:\Program Files\Microsoft Visual Studio\2022\Professional\VC\Tools\MSVC\14.40.33807\include\tuple(143,47): warning C4244:             _Ty=int
C:\Program Files\Microsoft Visual Studio\2022\Professional\VC\Tools\MSVC\14.40.33807\include\tuple(143,47): warning C4244:         ]
     正在建立程式庫 C:\Git\Code\Cplus_stpchip\compile\20240430Release_compile_MB0STPchipV1 - 複製\AOILib_Chip_DLL\x64\Release\AOILib_Chip_DLL.lib 和物件 C:\Git\Code\Cplus_stpchip\compile\20240430Release_compile_MB0STPchipV1 - 複製\AOILib_Chip_DLL\x64\Release\AOILib_Chip_DLL.exp
  正在產生程式碼
  Previous IPDB was built with incompatible compiler, fall back to full compilation.
  All 842 functions were compiled because no usable IPDB/IOBJ from previous compilation was found.
  已完成程式碼產生
  AOILib_Chip_DLL.vcxproj -> C:\Git\Code\Cplus_stpchip\compile\20240430Release_compile_MB0STPchipV1 - 複製\AOILib_Chip_DLL\x64\Release\AOILib_Chip_DLL.dll
  'pwsh.exe' 不是內部或外部命令、可執行的程式或批次檔。
